This file contains any messages produced by compilers while
running configure, to aid debugging if configure makes a mistake.

It was created by configure, which was
generated by GNU Autoconf 2.61.  Invocation command line was

  $ ./configure 

## --------- ##
## Platform. ##
## --------- ##

hostname = big.odlenixon.com
uname -m = x86_64
uname -r = 13.0.0
uname -s = Darwin
uname -v = Darwin Kernel Version 13.0.0: Thu Sep 19 22:22:27 PDT 2013; root:xnu-2422.1.72~6/RELEASE_X86_64

/usr/bin/uname -p = i386
/bin/uname -X     = unknown

/bin/arch              = unknown
/usr/bin/arch -k       = unknown
/usr/convex/getsysinfo = unknown
/usr/bin/hostinfo      = Mach kernel version:
	 Darwin Kernel Version 13.0.0: Thu Sep 19 22:22:27 PDT 2013; root:xnu-2422.1.72~6/RELEASE_X86_64
Kernel configured for up to 2 processors.
2 processors are physically available.
2 processors are logically available.
Processor type: i486 (Intel 80486)
Processors active: 0 1
Primary memory available: 8.00 gigabytes
Default processor set: 346 tasks, 1261 threads, 2 processors
Load average: 1.51, Mach factor: 0.56
/bin/machine           = unknown
/usr/bin/oslevel       = unknown
/bin/universe          = unknown

PATH: /opt/local/bin
PATH: /opt/local/sbin
PATH: /usr/bin
PATH: /bin
PATH: /usr/sbin
PATH: /sbin
PATH: /usr/local/bin
PATH: /opt/X11/bin
PATH: /Applications/Server.app/Contents/ServerRoot/usr/bin
PATH: /Applications/Server.app/Contents/ServerRoot/usr/sbin
PATH: /Applications
PATH: /Users/george/bin
PATH: /Developer/android-sdk-mac_x86-1.6_r1/tools
PATH: /Users/george/tools/android-sdk-linux_x86-1.6_r1/tools


## ----------- ##
## Core tests. ##
## ----------- ##

configure:2032: checking for a BSD-compatible install
configure:2088: result: /usr/bin/install -c
configure:2099: checking whether build environment is sane
configure:2142: result: yes
configure:2166: WARNING: `missing' script is too old or missing
configure:2170: checking for a thread-safe mkdir -p
configure:2209: result: config/install-sh -c -d
configure:2222: checking for gawk
configure:2252: result: no
configure:2222: checking for mawk
configure:2252: result: no
configure:2222: checking for nawk
configure:2252: result: no
configure:2222: checking for awk
configure:2238: found /usr/bin/awk
configure:2249: result: awk
configure:2260: checking whether make sets $(MAKE)
configure:2281: result: yes
configure:2474: checking whether make sets $(MAKE)
configure:2495: result: yes
configure:2517: checking for a BSD-compatible install
configure:2573: result: /usr/bin/install -c
configure:2638: checking for gcc
configure:2654: found /usr/bin/gcc
configure:2665: result: gcc
configure:2903: checking for C compiler version
configure:2910: gcc --version >&5
Configured with: --prefix=/Developer/Applications/Xcode.app/Contents/Developer/usr --with-gxx-include-dir=/Developer/Applications/Xcode.app/Contents/Developer/Platforms/MacOSX.platform/Developer/SDKs/MacOSX10.9.sdk/usr/include/c++/4.2.1
Apple LLVM version 5.0 (clang-500.2.79) (based on LLVM 3.3svn)
Target: x86_64-apple-darwin13.0.0
Thread model: posix
configure:2913: $? = 0
configure:2920: gcc -v >&5
Configured with: --prefix=/Developer/Applications/Xcode.app/Contents/Developer/usr --with-gxx-include-dir=/Developer/Applications/Xcode.app/Contents/Developer/Platforms/MacOSX.platform/Developer/SDKs/MacOSX10.9.sdk/usr/include/c++/4.2.1
Apple LLVM version 5.0 (clang-500.2.79) (based on LLVM 3.3svn)
Target: x86_64-apple-darwin13.0.0
Thread model: posix
configure:2923: $? = 0
configure:2930: gcc -V >&5
clang: error: argument to '-V' is missing (expected 1 value)
clang: error: no input files
configure:2933: $? = 1
configure:2956: checking for C compiler default output file name
configure:2983: gcc    conftest.c  >&5
configure:2986: $? = 0
configure:3024: result: a.out
configure:3041: checking whether the C compiler works
configure:3051: ./a.out
configure:3054: $? = 0
configure:3071: result: yes
configure:3078: checking whether we are cross compiling
configure:3080: result: no
configure:3083: checking for suffix of executables
configure:3090: gcc -o conftest    conftest.c  >&5
configure:3093: $? = 0
configure:3117: result: 
configure:3123: checking for suffix of object files
configure:3149: gcc -c   conftest.c >&5
configure:3152: $? = 0
configure:3175: result: o
configure:3179: checking whether we are using the GNU C compiler
configure:3208: gcc -c   conftest.c >&5
configure:3214: $? = 0
configure:3231: result: yes
configure:3236: checking whether gcc accepts -g
configure:3266: gcc -c -g  conftest.c >&5
configure:3272: $? = 0
configure:3371: result: yes
configure:3388: checking for gcc option to accept ISO C89
configure:3462: gcc  -c -g -O2  conftest.c >&5
configure:3468: $? = 0
configure:3491: result: none needed
configure:3520: checking for style of include used by make
configure:3548: result: GNU
configure:3573: checking dependency style of gcc
configure:3664: result: gcc3
configure:3737: checking for g++
configure:3753: found /usr/bin/g++
configure:3764: result: g++
configure:3795: checking for C++ compiler version
configure:3802: g++ --version >&5
Configured with: --prefix=/Developer/Applications/Xcode.app/Contents/Developer/usr --with-gxx-include-dir=/Developer/Applications/Xcode.app/Contents/Developer/Platforms/MacOSX.platform/Developer/SDKs/MacOSX10.9.sdk/usr/include/c++/4.2.1
Apple LLVM version 5.0 (clang-500.2.79) (based on LLVM 3.3svn)
Target: x86_64-apple-darwin13.0.0
Thread model: posix
configure:3805: $? = 0
configure:3812: g++ -v >&5
Configured with: --prefix=/Developer/Applications/Xcode.app/Contents/Developer/usr --with-gxx-include-dir=/Developer/Applications/Xcode.app/Contents/Developer/Platforms/MacOSX.platform/Developer/SDKs/MacOSX10.9.sdk/usr/include/c++/4.2.1
Apple LLVM version 5.0 (clang-500.2.79) (based on LLVM 3.3svn)
Target: x86_64-apple-darwin13.0.0
Thread model: posix
configure:3815: $? = 0
configure:3822: g++ -V >&5
clang: error: argument to '-V' is missing (expected 1 value)
clang: error: no input files
configure:3825: $? = 1
configure:3828: checking whether we are using the GNU C++ compiler
configure:3857: g++ -c   conftest.cpp >&5
configure:3863: $? = 0
configure:3880: result: yes
configure:3885: checking whether g++ accepts -g
configure:3915: g++ -c -g  conftest.cpp >&5
configure:3921: $? = 0
configure:4020: result: yes
configure:4045: checking dependency style of g++
configure:4136: result: gcc3
configure:4238: checking build system type
configure:4256: result: i386-apple-darwin13.0.0
configure:4278: checking host system type
configure:4293: result: i386-apple-darwin13.0.0
configure:4315: checking for a sed that does not truncate output
configure:4371: result: /usr/bin/sed
configure:4374: checking for grep that handles long lines and -e
configure:4448: result: /usr/bin/grep
configure:4453: checking for egrep
configure:4531: result: /usr/bin/grep -E
configure:4547: checking for ld used by gcc
configure:4614: result: /Developer/Applications/Xcode.app/Contents/Developer/Toolchains/XcodeDefault.xctoolchain/usr/bin/ld
configure:4623: checking if the linker (/Developer/Applications/Xcode.app/Contents/Developer/Toolchains/XcodeDefault.xctoolchain/usr/bin/ld) is GNU ld
configure:4638: result: no
configure:4643: checking for /Developer/Applications/Xcode.app/Contents/Developer/Toolchains/XcodeDefault.xctoolchain/usr/bin/ld option to reload object files
configure:4650: result: -r
configure:4668: checking for BSD-compatible nm
configure:4717: result: /usr/bin/nm
configure:4721: checking whether ln -s works
configure:4725: result: yes
configure:4732: checking how to recognize dependent libraries
configure:4918: result: pass_all
configure:5454: checking how to run the C preprocessor
configure:5494: gcc -E  conftest.c
configure:5500: $? = 0
configure:5531: gcc -E  conftest.c
conftest.c:10:10: fatal error: 'ac_nonexistent.h' file not found
#include <ac_nonexistent.h>
         ^
1 error generated.
configure:5537: $? = 1
configure: failed program was:
| /* confdefs.h.  */
| #define PACKAGE_NAME ""
| #define PACKAGE_TARNAME ""
| #define PACKAGE_VERSION ""
| #define PACKAGE_STRING ""
| #define PACKAGE_BUGREPORT ""
| #define PACKAGE "cppunit"
| #define VERSION "1.12.1"
| /* end confdefs.h.  */
| #include <ac_nonexistent.h>
configure:5570: result: gcc -E
configure:5599: gcc -E  conftest.c
configure:5605: $? = 0
configure:5636: gcc -E  conftest.c
conftest.c:10:10: fatal error: 'ac_nonexistent.h' file not found
#include <ac_nonexistent.h>
         ^
1 error generated.
configure:5642: $? = 1
configure: failed program was:
| /* confdefs.h.  */
| #define PACKAGE_NAME ""
| #define PACKAGE_TARNAME ""
| #define PACKAGE_VERSION ""
| #define PACKAGE_STRING ""
| #define PACKAGE_BUGREPORT ""
| #define PACKAGE "cppunit"
| #define VERSION "1.12.1"
| /* end confdefs.h.  */
| #include <ac_nonexistent.h>
configure:5680: checking for ANSI C header files
configure:5710: gcc -c -g -O2  conftest.c >&5
configure:5716: $? = 0
configure:5815: gcc -o conftest -g -O2   conftest.c  >&5
configure:5818: $? = 0
configure:5824: ./conftest
configure:5827: $? = 0
configure:5844: result: yes
configure:5868: checking for sys/types.h
configure:5889: gcc -c -g -O2  conftest.c >&5
configure:5895: $? = 0
configure:5911: result: yes
configure:5868: checking for sys/stat.h
configure:5889: gcc -c -g -O2  conftest.c >&5
configure:5895: $? = 0
configure:5911: result: yes
configure:5868: checking for stdlib.h
configure:5889: gcc -c -g -O2  conftest.c >&5
configure:5895: $? = 0
configure:5911: result: yes
configure:5868: checking for string.h
configure:5889: gcc -c -g -O2  conftest.c >&5
configure:5895: $? = 0
configure:5911: result: yes
configure:5868: checking for memory.h
configure:5889: gcc -c -g -O2  conftest.c >&5
configure:5895: $? = 0
configure:5911: result: yes
configure:5868: checking for strings.h
configure:5889: gcc -c -g -O2  conftest.c >&5
configure:5895: $? = 0
configure:5911: result: yes
configure:5868: checking for inttypes.h
configure:5889: gcc -c -g -O2  conftest.c >&5
configure:5895: $? = 0
configure:5911: result: yes
configure:5868: checking for stdint.h
configure:5889: gcc -c -g -O2  conftest.c >&5
configure:5895: $? = 0
configure:5911: result: yes
configure:5868: checking for unistd.h
configure:5889: gcc -c -g -O2  conftest.c >&5
configure:5895: $? = 0
configure:5911: result: yes
configure:5938: checking dlfcn.h usability
configure:5955: gcc -c -g -O2  conftest.c >&5
configure:5961: $? = 0
configure:5975: result: yes
configure:5979: checking dlfcn.h presence
configure:5994: gcc -E  conftest.c
configure:6000: $? = 0
configure:6014: result: yes
configure:6042: checking for dlfcn.h
configure:6050: result: yes
configure:6073: checking how to run the C++ preprocessor
configure:6109: g++ -E  conftest.cpp
configure:6115: $? = 0
configure:6146: g++ -E  conftest.cpp
conftest.cpp:21:10: fatal error: 'ac_nonexistent.h' file not found
#include <ac_nonexistent.h>
         ^
1 error generated.
configure:6152: $? = 1
configure: failed program was:
| /* confdefs.h.  */
| #define PACKAGE_NAME ""
| #define PACKAGE_TARNAME ""
| #define PACKAGE_VERSION ""
| #define PACKAGE_STRING ""
| #define PACKAGE_BUGREPORT ""
| #define PACKAGE "cppunit"
| #define VERSION "1.12.1"
| #define STDC_HEADERS 1
| #define HAVE_SYS_TYPES_H 1
| #define HAVE_SYS_STAT_H 1
| #define HAVE_STDLIB_H 1
| #define HAVE_STRING_H 1
| #define HAVE_MEMORY_H 1
| #define HAVE_STRINGS_H 1
| #define HAVE_INTTYPES_H 1
| #define HAVE_STDINT_H 1
| #define HAVE_UNISTD_H 1
| #define HAVE_DLFCN_H 1
| /* end confdefs.h.  */
| #include <ac_nonexistent.h>
configure:6185: result: g++ -E
configure:6214: g++ -E  conftest.cpp
configure:6220: $? = 0
configure:6251: g++ -E  conftest.cpp
conftest.cpp:21:10: fatal error: 'ac_nonexistent.h' file not found
#include <ac_nonexistent.h>
         ^
1 error generated.
configure:6257: $? = 1
configure: failed program was:
| /* confdefs.h.  */
| #define PACKAGE_NAME ""
| #define PACKAGE_TARNAME ""
| #define PACKAGE_VERSION ""
| #define PACKAGE_STRING ""
| #define PACKAGE_BUGREPORT ""
| #define PACKAGE "cppunit"
| #define VERSION "1.12.1"
| #define STDC_HEADERS 1
| #define HAVE_SYS_TYPES_H 1
| #define HAVE_SYS_STAT_H 1
| #define HAVE_STDLIB_H 1
| #define HAVE_STRING_H 1
| #define HAVE_MEMORY_H 1
| #define HAVE_STRINGS_H 1
| #define HAVE_INTTYPES_H 1
| #define HAVE_STDINT_H 1
| #define HAVE_UNISTD_H 1
| #define HAVE_DLFCN_H 1
| /* end confdefs.h.  */
| #include <ac_nonexistent.h>
configure:6349: checking for g77
configure:6379: result: no
configure:6349: checking for xlf
configure:6379: result: no
configure:6349: checking for f77
configure:6379: result: no
configure:6349: checking for frt
configure:6379: result: no
configure:6349: checking for pgf77
configure:6379: result: no
configure:6349: checking for cf77
configure:6379: result: no
configure:6349: checking for fort77
configure:6379: result: no
configure:6349: checking for fl32
configure:6379: result: no
configure:6349: checking for af77
configure:6379: result: no
configure:6349: checking for xlf90
configure:6379: result: no
configure:6349: checking for f90
configure:6379: result: no
configure:6349: checking for pgf90
configure:6379: result: no
configure:6349: checking for pghpf
configure:6379: result: no
configure:6349: checking for epcf90
configure:6379: result: no
configure:6349: checking for gfortran
configure:6379: result: no
configure:6349: checking for g95
configure:6379: result: no
configure:6349: checking for xlf95
configure:6379: result: no
configure:6349: checking for f95
configure:6379: result: no
configure:6349: checking for fort
configure:6379: result: no
configure:6349: checking for ifort
configure:6379: result: no
configure:6349: checking for ifc
configure:6379: result: no
configure:6349: checking for efc
configure:6379: result: no
configure:6349: checking for pgf95
configure:6379: result: no
configure:6349: checking for lf95
configure:6379: result: no
configure:6349: checking for ftn
configure:6379: result: no
configure:6406: checking for Fortran 77 compiler version
configure:6413:  --version >&5
./configure: line 6414: --version: command not found
configure:6416: $? = 127
configure:6423:  -v >&5
./configure: line 6424: -v: command not found
configure:6426: $? = 127
configure:6433:  -V >&5
./configure: line 6434: -V: command not found
configure:6436: $? = 127
configure:6444: checking whether we are using the GNU Fortran 77 compiler
configure:6463:  -c  conftest.F >&5
./configure: line 6464: -c: command not found
configure:6469: $? = 127
configure: failed program was:
|       program main
| #ifndef __GNUC__
|        choke me
| #endif
| 
|       end
configure:6486: result: no
configure:6492: checking whether  accepts -g
configure:6509:  -c -g conftest.f >&5
./configure: line 6510: -c: command not found
configure:6515: $? = 127
configure: failed program was:
|       program main
| 
|       end
configure:6531: result: no
configure:6560: checking the maximum length of command line arguments
configure:6672: result: 196608
configure:6684: checking command to parse /usr/bin/nm output from gcc object
configure:6789: g++ -c -g -O2  conftest.cpp >&5
configure:6792: $? = 0
configure:6796: /usr/bin/nm conftest.o \| sed -n -e 's/^.*[ 	]\([BCDEGRST][BCDEGRST]*\)[ 	][ 	]*\([_A-Za-z][_A-Za-z0-9]*\)$/\1 \2 \2/p' \> conftest.nm
configure:6799: $? = 0
cannot find nm_test_var in conftest.nm
configure:6789: g++ -c -g -O2  conftest.cpp >&5
configure:6792: $? = 0
configure:6796: /usr/bin/nm conftest.o \| sed -n -e 's/^.*[ 	]\([BCDEGRST][BCDEGRST]*\)[ 	][ 	]*_\([_A-Za-z][_A-Za-z0-9]*\)$/\1 _\2 \2/p' \> conftest.nm
configure:6799: $? = 0
configure:6851: g++ -o conftest -g -O2   conftest.cpp conftstm.o >&5
configure:6854: $? = 0
configure:6892: result: ok
configure:6896: checking for objdir
configure:6911: result: .libs
configure:7003: checking for ar
configure:7019: found /usr/bin/ar
configure:7030: result: ar
configure:7099: checking for ranlib
configure:7115: found /usr/bin/ranlib
configure:7126: result: ranlib
configure:7195: checking for strip
configure:7211: found /usr/bin/strip
configure:7222: result: strip
configure:7479: checking for dsymutil
configure:7495: found /usr/bin/dsymutil
configure:7506: result: dsymutil
configure:7575: checking for nmedit
configure:7591: found /usr/bin/nmedit
configure:7602: result: nmedit
configure:7629: checking for -single_module linker flag
configure:7650: result: yes
configure:7652: checking for -exported_symbols_list linker flag
configure:7682: g++ -o conftest -g -O2   -Wl,-exported_symbols_list,conftest.sym conftest.cpp  >&5
configure:7688: $? = 0
configure:7707: result: yes
configure:7820: checking if gcc supports -fno-rtti -fno-exceptions
configure:7838: gcc -c -g -O2  -fno-rtti -fno-exceptions conftest.c >&5
configure:7842: $? = 0
configure:7855: result: yes
configure:7870: checking for gcc option to produce PIC
configure:8102: result: -fno-common
configure:8110: checking if gcc PIC flag -fno-common works
configure:8128: gcc -c -g -O2  -fno-common -DPIC conftest.c >&5
configure:8132: $? = 0
configure:8145: result: yes
configure:8173: checking if gcc static flag -static works
configure:8201: result: no
configure:8211: checking if gcc supports -c -o file.o
configure:8232: gcc -c -g -O2  -o out/conftest2.o conftest.c >&5
configure:8236: $? = 0
configure:8258: result: yes
configure:8284: checking whether the gcc linker (/Developer/Applications/Xcode.app/Contents/Developer/Toolchains/XcodeDefault.xctoolchain/usr/bin/ld) supports shared libraries
configure:9265: result: yes
configure:9332: checking dynamic linker characteristics
configure:9946: result: darwin13.0.0 dyld
configure:9970: checking how to hardcode library paths into programs
configure:9995: result: immediate
configure:10009: checking whether stripping libraries is possible
configure:10023: result: yes
configure:10816: checking if libtool supports shared libraries
configure:10818: result: yes
configure:10821: checking whether to build shared libraries
configure:10842: result: yes
configure:10845: checking whether to build static libraries
configure:10849: result: yes
configure:10943: creating libtool
configure:11536: checking for ld used by g++
configure:11603: result: /Developer/Applications/Xcode.app/Contents/Developer/Toolchains/XcodeDefault.xctoolchain/usr/bin/ld
configure:11612: checking if the linker (/Developer/Applications/Xcode.app/Contents/Developer/Toolchains/XcodeDefault.xctoolchain/usr/bin/ld) is GNU ld
configure:11627: result: no
configure:11678: checking whether the g++ linker (/Developer/Applications/Xcode.app/Contents/Developer/Toolchains/XcodeDefault.xctoolchain/usr/bin/ld) supports shared libraries
configure:12624: result: yes
configure:12641: g++ -c -g -O2  conftest.cpp >&5
configure:12644: $? = 0
configure:12800: checking for g++ option to produce PIC
configure:13084: result: -fno-common
configure:13092: checking if g++ PIC flag -fno-common works
configure:13110: g++ -c -g -O2  -fno-common -DPIC conftest.cpp >&5
configure:13114: $? = 0
configure:13127: result: yes
configure:13155: checking if g++ static flag -static works
configure:13183: result: no
configure:13193: checking if g++ supports -c -o file.o
configure:13214: g++ -c -g -O2  -o out/conftest2.o conftest.cpp >&5
configure:13218: $? = 0
configure:13240: result: yes
configure:13266: checking whether the g++ linker (/Developer/Applications/Xcode.app/Contents/Developer/Toolchains/XcodeDefault.xctoolchain/usr/bin/ld) supports shared libraries
configure:13295: result: yes
configure:13362: checking dynamic linker characteristics
configure:13924: result: darwin13.0.0 dyld
configure:13948: checking how to hardcode library paths into programs
configure:13973: result: immediate
configure:20225: checking for shl_load
configure:20281: g++ -o conftest -g -O2   conftest.cpp  >&5
Undefined symbols for architecture x86_64:
  "_shl_load", referenced from:
      _main in conftest-3CCqcu.o
ld: symbol(s) not found for architecture x86_64
clang: error: linker command failed with exit code 1 (use -v to see invocation)
configure:20287: $? = 1
configure: failed program was:
| /* confdefs.h.  */
| #define PACKAGE_NAME ""
| #define PACKAGE_TARNAME ""
| #define PACKAGE_VERSION ""
| #define PACKAGE_STRING ""
| #define PACKAGE_BUGREPORT ""
| #define PACKAGE "cppunit"
| #define VERSION "1.12.1"
| #define STDC_HEADERS 1
| #define HAVE_SYS_TYPES_H 1
| #define HAVE_SYS_STAT_H 1
| #define HAVE_STDLIB_H 1
| #define HAVE_STRING_H 1
| #define HAVE_MEMORY_H 1
| #define HAVE_STRINGS_H 1
| #define HAVE_INTTYPES_H 1
| #define HAVE_STDINT_H 1
| #define HAVE_UNISTD_H 1
| #define HAVE_DLFCN_H 1
| /* end confdefs.h.  */
| /* Define shl_load to an innocuous variant, in case <limits.h> declares shl_load.
|    For example, HP-UX 11i <limits.h> declares gettimeofday.  */
| #define shl_load innocuous_shl_load
| 
| /* System header to define __stub macros and hopefully few prototypes,
|     which can conflict with char shl_load (); below.
|     Prefer <limits.h> to <assert.h> if __STDC__ is defined, since
|     <limits.h> exists even on freestanding compilers.  */
| 
| #ifdef __STDC__
| # include <limits.h>
| #else
| # include <assert.h>
| #endif
| 
| #undef shl_load
| 
| /* Override any GCC internal prototype to avoid an error.
|    Use char because int might match the return type of a GCC
|    builtin and then its argument prototype would still apply.  */
| #ifdef __cplusplus
| extern "C"
| #endif
| char shl_load ();
| /* The GNU C library defines this for functions which it implements
|     to always fail with ENOSYS.  Some functions are actually named
|     something starting with __ and the normal name is an alias.  */
| #if defined __stub_shl_load || defined __stub___shl_load
| choke me
| #endif
| 
| int
| main ()
| {
| return shl_load ();
|   ;
|   return 0;
| }
configure:20304: result: no
configure:20313: checking for shl_load in -ldld
configure:20348: g++ -o conftest -g -O2   conftest.cpp -ldld   >&5
ld: library not found for -ldld
clang: error: linker command failed with exit code 1 (use -v to see invocation)
configure:20354: $? = 1
configure: failed program was:
| /* confdefs.h.  */
| #define PACKAGE_NAME ""
| #define PACKAGE_TARNAME ""
| #define PACKAGE_VERSION ""
| #define PACKAGE_STRING ""
| #define PACKAGE_BUGREPORT ""
| #define PACKAGE "cppunit"
| #define VERSION "1.12.1"
| #define STDC_HEADERS 1
| #define HAVE_SYS_TYPES_H 1
| #define HAVE_SYS_STAT_H 1
| #define HAVE_STDLIB_H 1
| #define HAVE_STRING_H 1
| #define HAVE_MEMORY_H 1
| #define HAVE_STRINGS_H 1
| #define HAVE_INTTYPES_H 1
| #define HAVE_STDINT_H 1
| #define HAVE_UNISTD_H 1
| #define HAVE_DLFCN_H 1
| /* end confdefs.h.  */
| 
| /* Override any GCC internal prototype to avoid an error.
|    Use char because int might match the return type of a GCC
|    builtin and then its argument prototype would still apply.  */
| #ifdef __cplusplus
| extern "C"
| #endif
| char shl_load ();
| int
| main ()
| {
| return shl_load ();
|   ;
|   return 0;
| }
configure:20372: result: no
configure:20382: checking for dlopen in -ldl
configure:20417: g++ -o conftest -g -O2   conftest.cpp -ldl   >&5
configure:20423: $? = 0
configure:20441: result: yes
configure:20661: checking for dlerror
configure:20717: g++ -o conftest -g -O2   conftest.cpp  -ldl >&5
configure:20723: $? = 0
configure:20741: result: yes
configure:20786: checking for doxygen
configure:20819: result: no
configure:20909: checking for cmath
configure:20930: g++ -c -g -O2  conftest.cpp >&5
configure:20936: $? = 0
configure:20952: result: yes
configure:20967: checking whether the compiler supports Run-Time Type Identification
configure:21012: g++ -c -g -O2  conftest.cpp >&5
configure:21018: $? = 0
configure:21040: result: yes
configure:21050: checking whether the compiler supports GCC C++ ABI name demangling
configure:21099: g++ -c -g -O2  conftest.cpp >&5
conftest.cpp:42:1: error: use of undeclared identifier 'free'
free(c_name);
^
1 error generated.
configure:21105: $? = 1
configure: failed program was:
| /* confdefs.h.  */
| #define PACKAGE_NAME ""
| #define PACKAGE_TARNAME ""
| #define PACKAGE_VERSION ""
| #define PACKAGE_STRING ""
| #define PACKAGE_BUGREPORT ""
| #define PACKAGE "cppunit"
| #define VERSION "1.12.1"
| #define STDC_HEADERS 1
| #define HAVE_SYS_TYPES_H 1
| #define HAVE_SYS_STAT_H 1
| #define HAVE_STDLIB_H 1
| #define HAVE_STRING_H 1
| #define HAVE_MEMORY_H 1
| #define HAVE_STRINGS_H 1
| #define HAVE_INTTYPES_H 1
| #define HAVE_STDINT_H 1
| #define HAVE_UNISTD_H 1
| #define HAVE_DLFCN_H 1
| #define HAVE_LIBDL 1
| #define HAVE_DLERROR 1
| #define HAVE_CMATH 1
| #define HAVE_RTTI 1
| /* end confdefs.h.  */
| #include <typeinfo>
| #include <cxxabi.h>
| #include <string>
| 
| template<typename TYPE>
| class A {};
| 
| int
| main ()
| {
| A<int> instance;
| int status = 0;
| char* c_name = 0;
| 
| c_name = abi::__cxa_demangle(typeid(instance).name(), 0, 0, &status);
| 
| std::string name(c_name);
| free(c_name);
| 
| return name == "A<int>";
| 
|   ;
|   return 0;
| }
configure:21127: result: no
configure:21137: checking whether the compiler implements namespaces
configure:21170: g++ -c -g -O2  conftest.cpp >&5
configure:21176: $? = 0
configure:21198: result: yes
configure:21208: checking whether std::string::compare takes a string in argument 1
configure:21246: g++ -c -g -O2  conftest.cpp >&5
conftest.cpp:34:10: error: no matching member function for call to 'compare'
return x.compare(y,0,1) == 0;
       ~~^~~~~~~
/Developer/Applications/Xcode.app/Contents/Developer/Toolchains/XcodeDefault.xctoolchain/usr/bin/../lib/c++/v1/string:1505:9: note: candidate function not viable: no known conversion from 'string' (aka 'basic_string<char, char_traits<char>, allocator<char> >') to 'size_type' (aka 'unsigned long') for 1st argument
    int compare(size_type __pos1, size_type __n1, const basic_string& __str) const;
        ^
/Developer/Applications/Xcode.app/Contents/Developer/Toolchains/XcodeDefault.xctoolchain/usr/bin/../lib/c++/v1/string:1508:9: note: candidate function not viable: no known conversion from 'string' (aka 'basic_string<char, char_traits<char>, allocator<char> >') to 'size_type' (aka 'unsigned long') for 1st argument
    int compare(size_type __pos1, size_type __n1, const_pointer __s) const;
        ^
/Developer/Applications/Xcode.app/Contents/Developer/Toolchains/XcodeDefault.xctoolchain/usr/bin/../lib/c++/v1/string:1503:9: note: candidate function not viable: requires single argument '__str', but 3 arguments were provided
    int compare(const basic_string& __str) const _NOEXCEPT;
        ^
/Developer/Applications/Xcode.app/Contents/Developer/Toolchains/XcodeDefault.xctoolchain/usr/bin/../lib/c++/v1/string:1506:9: note: candidate function not viable: requires 5 arguments, but 3 were provided
    int compare(size_type __pos1, size_type __n1, const basic_string& __str, size_type __pos2, size_type __n2) const;
        ^
/Developer/Applications/Xcode.app/Contents/Developer/Toolchains/XcodeDefault.xctoolchain/usr/bin/../lib/c++/v1/string:1507:9: note: candidate function not viable: requires single argument '__s', but 3 arguments were provided
    int compare(const_pointer __s) const _NOEXCEPT;
        ^
/Developer/Applications/Xcode.app/Contents/Developer/Toolchains/XcodeDefault.xctoolchain/usr/bin/../lib/c++/v1/string:1509:9: note: candidate function not viable: requires 4 arguments, but 3 were provided
    int compare(size_type __pos1, size_type __n1, const_pointer __s, size_type __n2) const;
        ^
1 error generated.
configure:21252: $? = 1
configure: failed program was:
| /* confdefs.h.  */
| #define PACKAGE_NAME ""
| #define PACKAGE_TARNAME ""
| #define PACKAGE_VERSION ""
| #define PACKAGE_STRING ""
| #define PACKAGE_BUGREPORT ""
| #define PACKAGE "cppunit"
| #define VERSION "1.12.1"
| #define STDC_HEADERS 1
| #define HAVE_SYS_TYPES_H 1
| #define HAVE_SYS_STAT_H 1
| #define HAVE_STDLIB_H 1
| #define HAVE_STRING_H 1
| #define HAVE_MEMORY_H 1
| #define HAVE_STRINGS_H 1
| #define HAVE_INTTYPES_H 1
| #define HAVE_STDINT_H 1
| #define HAVE_UNISTD_H 1
| #define HAVE_DLFCN_H 1
| #define HAVE_LIBDL 1
| #define HAVE_DLERROR 1
| #define HAVE_CMATH 1
| #define HAVE_RTTI 1
| #define HAVE_NAMESPACES 1
| /* end confdefs.h.  */
| #include <string>
| #ifdef HAVE_NAMESPACES
| using namespace std;
| #endif
| int
| main ()
| {
| string x("hi"); string y("h");
| return x.compare(y,0,1) == 0;
|   ;
|   return 0;
| }
configure:21274: result: no
configure:21288: checking whether the compiler has stringstream
configure:21325: g++ -c -g -O2  conftest.cpp >&5
configure:21331: $? = 0
configure:21353: result: yes
configure:21364: checking whether the library defines class strstream
configure:21392: checking strstream usability
configure:21409: g++ -c -g -O2  conftest.cpp >&5
configure:21415: $? = 0
configure:21429: result: yes
configure:21433: checking strstream presence
configure:21448: g++ -E  conftest.cpp
configure:21454: $? = 0
configure:21468: result: yes
configure:21496: checking for strstream
configure:21504: result: yes
configure:21546: g++ -c -g -O2  conftest.cpp >&5
configure:21552: $? = 0
configure:21574: result: yes
configure:21587: checking for isfinite
configure:21620: g++ -o conftest -g -O2   conftest.cpp  -lm >&5
configure:21626: $? = 0
configure:21649: result: yes
configure:21666: checking for finite
configure:21722: g++ -o conftest -g -O2   conftest.cpp  -lm >&5
configure:21728: $? = 0
configure:21746: result: yes
configure:21926: creating ./config.status

## ---------------------- ##
## Running config.status. ##
## ---------------------- ##

This file was extended by config.status, which was
generated by GNU Autoconf 2.61.  Invocation command line was

  CONFIG_FILES    = 
  CONFIG_HEADERS  = 
  CONFIG_LINKS    = 
  CONFIG_COMMANDS = 
  $ ./config.status 

on big.odlenixon.com

config.status:712: creating Makefile
config.status:712: creating cppunit.pc
config.status:712: creating cppunit.spec
config.status:712: creating cppunit-config
config.status:712: creating src/Makefile
config.status:712: creating src/DllPlugInTester/Makefile
config.status:712: creating src/cppunit/Makefile
config.status:712: creating include/Makefile
config.status:712: creating include/cppunit/Makefile
config.status:712: creating include/cppunit/config/Makefile
config.status:712: creating include/cppunit/extensions/Makefile
config.status:712: creating include/cppunit/plugin/Makefile
config.status:712: creating include/cppunit/portability/Makefile
config.status:712: creating include/cppunit/tools/Makefile
config.status:712: creating include/cppunit/ui/Makefile
config.status:712: creating include/cppunit/ui/mfc/Makefile
config.status:712: creating include/cppunit/ui/qt/Makefile
config.status:712: creating include/cppunit/ui/text/Makefile
config.status:712: creating doc/Makefile
config.status:712: creating doc/Doxyfile
config.status:712: creating examples/Makefile
config.status:712: creating examples/simple/Makefile
config.status:712: creating examples/hierarchy/Makefile
config.status:712: creating examples/cppunittest/Makefile
config.status:712: creating examples/ClockerPlugIn/Makefile
config.status:712: creating examples/DumperPlugIn/Makefile
config.status:712: creating examples/money/Makefile
config.status:712: creating config/config.h
config.status:997: executing depfiles commands
config.status:997: executing default commands
configure:23273: result: creating include/cppunit/config-auto.h - prefix CPPUNIT for config/config.h defines

## ---------------- ##
## Cache variables. ##
## ---------------- ##

ac_cv_build=i386-apple-darwin13.0.0
ac_cv_c_compiler_gnu=yes
ac_cv_cxx_compiler_gnu=yes
ac_cv_cxx_gcc_abi_demangle=no
ac_cv_cxx_have_class_strstream=yes
ac_cv_cxx_have_sstream=yes
ac_cv_cxx_namespaces=yes
ac_cv_cxx_rtti=yes
ac_cv_cxx_string_compare_string_first=no
ac_cv_env_CCC_set=
ac_cv_env_CCC_value=
ac_cv_env_CC_set=
ac_cv_env_CC_value=
ac_cv_env_CFLAGS_set=
ac_cv_env_CFLAGS_value=
ac_cv_env_CPPFLAGS_set=
ac_cv_env_CPPFLAGS_value=
ac_cv_env_CPP_set=
ac_cv_env_CPP_value=
ac_cv_env_CXXCPP_set=
ac_cv_env_CXXCPP_value=
ac_cv_env_CXXFLAGS_set=
ac_cv_env_CXXFLAGS_value=
ac_cv_env_CXX_set=
ac_cv_env_CXX_value=
ac_cv_env_F77_set=
ac_cv_env_F77_value=
ac_cv_env_FFLAGS_set=
ac_cv_env_FFLAGS_value=
ac_cv_env_LDFLAGS_set=
ac_cv_env_LDFLAGS_value=
ac_cv_env_LIBS_set=
ac_cv_env_LIBS_value=
ac_cv_env_build_alias_set=
ac_cv_env_build_alias_value=
ac_cv_env_host_alias_set=
ac_cv_env_host_alias_value=
ac_cv_env_target_alias_set=
ac_cv_env_target_alias_value=
ac_cv_f77_compiler_gnu=no
ac_cv_func_dlerror=yes
ac_cv_func_finite=yes
ac_cv_func_shl_load=no
ac_cv_header_cmath=yes
ac_cv_header_dlfcn_h=yes
ac_cv_header_inttypes_h=yes
ac_cv_header_memory_h=yes
ac_cv_header_stdc=yes
ac_cv_header_stdint_h=yes
ac_cv_header_stdlib_h=yes
ac_cv_header_string_h=yes
ac_cv_header_strings_h=yes
ac_cv_header_strstream=yes
ac_cv_header_sys_stat_h=yes
ac_cv_header_sys_types_h=yes
ac_cv_header_unistd_h=yes
ac_cv_host=i386-apple-darwin13.0.0
ac_cv_lib_dl_dlopen=yes
ac_cv_lib_dld_shl_load=no
ac_cv_objext=o
ac_cv_path_EGREP='/usr/bin/grep -E'
ac_cv_path_GREP=/usr/bin/grep
ac_cv_path_install='/usr/bin/install -c'
ac_cv_prog_AWK=awk
ac_cv_prog_CPP='gcc -E'
ac_cv_prog_CXXCPP='g++ -E'
ac_cv_prog_ac_ct_AR=ar
ac_cv_prog_ac_ct_CC=gcc
ac_cv_prog_ac_ct_CXX=g++
ac_cv_prog_ac_ct_DSYMUTIL=dsymutil
ac_cv_prog_ac_ct_NMEDIT=nmedit
ac_cv_prog_ac_ct_RANLIB=ranlib
ac_cv_prog_ac_ct_STRIP=strip
ac_cv_prog_cc_c89=
ac_cv_prog_cc_g=yes
ac_cv_prog_cxx_g=yes
ac_cv_prog_f77_g=no
ac_cv_prog_make_make_set=yes
am_cv_CC_dependencies_compiler_type=gcc3
am_cv_CXX_dependencies_compiler_type=gcc3
ax_cv_cxx_have_isfinite=yes
lt_cv_apple_cc_single_mod=yes
lt_cv_deplibs_check_method=pass_all
lt_cv_file_magic_cmd='$MAGIC_CMD'
lt_cv_file_magic_test_file=
lt_cv_ld_exported_symbols_list=yes
lt_cv_ld_reload_flag=-r
lt_cv_objdir=.libs
lt_cv_path_LD=/Developer/Applications/Xcode.app/Contents/Developer/Toolchains/XcodeDefault.xctoolchain/usr/bin/ld
lt_cv_path_LDCXX=/Developer/Applications/Xcode.app/Contents/Developer/Toolchains/XcodeDefault.xctoolchain/usr/bin/ld
lt_cv_path_NM=/usr/bin/nm
lt_cv_path_SED=/usr/bin/sed
lt_cv_prog_compiler_c_o=yes
lt_cv_prog_compiler_c_o_CXX=yes
lt_cv_prog_compiler_pic_works=yes
lt_cv_prog_compiler_pic_works_CXX=yes
lt_cv_prog_compiler_rtti_exceptions=yes
lt_cv_prog_compiler_static_works=no
lt_cv_prog_compiler_static_works_CXX=no
lt_cv_prog_gnu_ld=no
lt_cv_prog_gnu_ldcxx=no
lt_cv_sys_global_symbol_pipe='sed -n -e '\''s/^.*[ 	]\([BCDEGRST][BCDEGRST]*\)[ 	][ 	]*_\([_A-Za-z][_A-Za-z0-9]*\)$/\1 _\2 \2/p'\'''
lt_cv_sys_global_symbol_to_c_name_address='sed -n -e '\''s/^: \([^ ]*\) $/  {\"\1\", (lt_ptr) 0},/p'\'' -e '\''s/^[BCDEGRST] \([^ ]*\) \([^ ]*\)$/  {"\2", (lt_ptr) \&\2},/p'\'''
lt_cv_sys_global_symbol_to_cdecl='sed -n -e '\''s/^. .* \(.*\)$/extern int \1;/p'\'''
lt_cv_sys_lib_dlsearch_path_spec='/usr/local/lib /lib /usr/lib'
lt_cv_sys_lib_search_path_spec='/Developer/Applications/Xcode.app/Contents/Developer/Toolchains/XcodeDefault.xctoolchain/usr/lib/clang/5.0 /usr/local/lib'
lt_cv_sys_max_cmd_len=196608
lt_lt_cv_prog_compiler_c_o='"yes"'
lt_lt_cv_prog_compiler_c_o_CXX='"yes"'
lt_lt_cv_sys_global_symbol_pipe='"sed -n -e '\''s/^.*[ 	]\\([BCDEGRST][BCDEGRST]*\\)[ 	][ 	]*_\\([_A-Za-z][_A-Za-z0-9]*\\)\$/\\1 _\\2 \\2/p'\''"'
lt_lt_cv_sys_global_symbol_to_c_name_address='"sed -n -e '\''s/^: \\([^ ]*\\) \$/  {\\\"\\1\\\", (lt_ptr) 0},/p'\'' -e '\''s/^[BCDEGRST] \\([^ ]*\\) \\([^ ]*\\)\$/  {\"\\2\", (lt_ptr) \\&\\2},/p'\''"'
lt_lt_cv_sys_global_symbol_to_cdecl='"sed -n -e '\''s/^. .* \\(.*\\)\$/extern int \\1;/p'\''"'

## ----------------- ##
## Output variables. ##
## ----------------- ##

ACLOCAL='aclocal-1.10'
AMDEPBACKSLASH='\'
AMDEP_FALSE='#'
AMDEP_TRUE=''
AMTAR='tar'
AR='ar'
AS='as'
AUTOCONF='autoconf'
AUTOHEADER='autoheader'
AUTOMAKE='automake-1.10'
AWK='awk'
CC='gcc'
CCDEPMODE='depmode=gcc3'
CFLAGS='-g -O2'
CPP='gcc -E'
CPPFLAGS=''
CPPUNIT_BINARY_AGE='0'
CPPUNIT_INTERFACE_AGE='0'
CPPUNIT_MAJOR_VERSION='1'
CPPUNIT_MICRO_VERSION='1'
CPPUNIT_MINOR_VERSION='12'
CPPUNIT_VERSION='1.12.1'
CXX='g++'
CXXCPP='g++ -E'
CXXDEPMODE='depmode=gcc3'
CXXFLAGS='-g -O2'
CYGPATH_W='echo'
DEFS='-DHAVE_CONFIG_H'
DEPDIR='.deps'
DLLTOOL='dlltool'
DOC_FALSE=''
DOC_TRUE='#'
DOT=''
DOXYGEN=''
DSYMUTIL='dsymutil'
ECHO='/bin/echo'
ECHO_C='ECHO_N=''
ECHO_T=''
EGREP='/usr/bin/grep -E'
EXEEXT=''
F77=''
FFLAGS=''
GREP='/usr/bin/grep'
INSTALL_DATA='${INSTALL} -m 644'
INSTALL_PROGRAM='${INSTALL}'
INSTALL_SCRIPT='${INSTALL}'
INSTALL_STRIP_PROGRAM='$(install_sh) -c -s'
LDFLAGS=''
LIBADD_DL='-ldl'
LIBOBJS=''
LIBS=' -lm'
LIBTOOL='$(SHELL) $(top_builddir)/libtool'
LN_S='ln -s'
LTLIBOBJS=''
LT_AGE='0'
LT_CURRENT='1'
LT_RELEASE='1.12'
LT_REVISION='0'
MAKEINFO='makeinfo'
NMEDIT='nmedit'
OBJDUMP='objdump'
OBJEXT='o'
PACKAGE='cppunit'
PACKAGE_BUGREPORT=''
PACKAGE_NAME=''
PACKAGE_STRING=''
PACKAGE_TARNAME=''
PACKAGE_VERSION=''
PATH_SEPARATOR=':'
RANLIB='ranlib'
SED='/usr/bin/sed'
SET_MAKE=''
SHELL='/bin/sh'
STRIP='strip'
VERSION='1.12.1'
ac_ct_CC='gcc'
ac_ct_CXX='g++'
ac_ct_F77=''
am__fastdepCC_FALSE='#'
am__fastdepCC_TRUE=''
am__fastdepCXX_FALSE='#'
am__fastdepCXX_TRUE=''
am__include='include'
am__isrc=''
am__leading_dot='.'
am__quote=''
am__tar='${AMTAR} chof - "$$tardir"'
am__untar='${AMTAR} xf -'
bindir='${exec_prefix}/bin'
build='i386-apple-darwin13.0.0'
build_alias=''
build_cpu='i386'
build_os='darwin13.0.0'
build_vendor='apple'
datadir='${datarootdir}'
datarootdir='${prefix}/share'
docdir='${datarootdir}/doc/${PACKAGE}'
dvidir='${docdir}'
enable_dot='no'
enable_html_docs='yes'
enable_latex_docs='no'
exec_prefix='${prefix}'
host='i386-apple-darwin13.0.0'
host_alias=''
host_cpu='i386'
host_os='darwin13.0.0'
host_vendor='apple'
htmldir='${docdir}'
includedir='${prefix}/include'
infodir='${datarootdir}/info'
install_sh='$(SHELL) /Users/george/NFS Home/src/TXLF/cppunit/config/install-sh'
libdir='${exec_prefix}/lib'
libexecdir='${exec_prefix}/libexec'
localedir='${datarootdir}/locale'
localstatedir='${prefix}/var'
mandir='${datarootdir}/man'
mkdir_p='$(top_builddir)/config/install-sh -c -d'
oldincludedir='/usr/include'
pdfdir='${docdir}'
prefix='/usr/local'
program_transform_name='s,x,x,'
psdir='${docdir}'
sbindir='${exec_prefix}/sbin'
sharedstatedir='${prefix}/com'
sysconfdir='${prefix}/etc'
target_alias=''

## ----------- ##
## confdefs.h. ##
## ----------- ##

#define PACKAGE_NAME ""
#define PACKAGE_TARNAME ""
#define PACKAGE_VERSION ""
#define PACKAGE_STRING ""
#define PACKAGE_BUGREPORT ""
#define PACKAGE "cppunit"
#define VERSION "1.12.1"
#define STDC_HEADERS 1
#define HAVE_SYS_TYPES_H 1
#define HAVE_SYS_STAT_H 1
#define HAVE_STDLIB_H 1
#define HAVE_STRING_H 1
#define HAVE_MEMORY_H 1
#define HAVE_STRINGS_H 1
#define HAVE_INTTYPES_H 1
#define HAVE_STDINT_H 1
#define HAVE_UNISTD_H 1
#define HAVE_DLFCN_H 1
#define HAVE_LIBDL 1
#define HAVE_DLERROR 1
#define HAVE_CMATH 1
#define HAVE_RTTI 1
#define HAVE_NAMESPACES 1
#define HAVE_SSTREAM 1
#define HAVE_STRSTREAM 1
#define HAVE_CLASS_STRSTREAM 1
#define HAVE_ISFINITE 1
#define HAVE_FINITE 1
#define USE_TYPEINFO_NAME CPPUNIT_HAVE_RTTI

configure: exit 1
